app/build/intermediates/manifest_merge_blame_file/debug/manifest-merger-blame-debug-report.txt
1<?xml version="1.0" encoding="utf-8"?>
2<manifest xmlns:android="http://schemas.android.com/apk/res/android"
3    package="com.md.mataka"
4    android:versionCode="1"
5    android:versionName="1.0.0" >
6
7    <uses-sdk
8        android:minSdkVersion="19"
8-->src\main\AndroidManifest.xml
9        android:targetSdkVersion="30" />
9-->src\main\AndroidManifest.xml
10
11    <uses-permission android:name="android.permission.INTERNET" />
11-->src\main\AndroidManifest.xml:5:5-67
11-->src\main\AndroidManifest.xml:5:22-64
12
13    <application
13-->src\main\AndroidManifest.xml:9:5-45:19
14        android:allowBackup="true"
14-->src\main\AndroidManifest.xml:10:9-35
15        android:appComponentFactory="androidx.core.app.CoreComponentFactory"
15-->[androidx.core:core:1.3.1] AndroidManifest.xml:24:18-86
16        android:debuggable="true"
17        android:icon="@mipmap/ic_launcher"
17-->src\main\AndroidManifest.xml:11:9-43
18        android:label="@string/app_name"
18-->src\main\AndroidManifest.xml:12:9-41
19        android:roundIcon="@mipmap/ic_launcher_round"
19-->src\main\AndroidManifest.xml:13:9-54
20        android:supportsRtl="true"
20-->src\main\AndroidManifest.xml:14:9-35
21        android:testOnly="true"
22        android:theme="@style/AppTheme"
22-->src\main\AndroidManifest.xml:15:9-40
23        android:usesCleartextTraffic="true" >
23-->src\main\AndroidManifest.xml:16:9-44
24        <activity android:name="com.md.mataka.deposit_money" />
24-->src\main\AndroidManifest.xml:17:9-73
24-->src\main\AndroidManifest.xml:17:19-61
25        <activity android:name="com.md.mataka.webview" />
25-->src\main\AndroidManifest.xml:18:9-58
25-->src\main\AndroidManifest.xml:18:19-55
26        <activity android:name="com.md.mataka.chart_menu" />
26-->src\main\AndroidManifest.xml:19:9-61
26-->src\main\AndroidManifest.xml:19:19-58
27        <activity android:name="com.md.mataka.charts" />
27-->src\main\AndroidManifest.xml:20:9-57
27-->src\main\AndroidManifest.xml:20:19-54
28        <activity android:name="com.md.mataka.crossing" />
28-->src\main\AndroidManifest.xml:21:9-59
28-->src\main\AndroidManifest.xml:21:19-56
29        <activity android:name="com.md.mataka.earn" />
29-->src\main\AndroidManifest.xml:22:9-55
29-->src\main\AndroidManifest.xml:22:19-52
30        <activity android:name="com.md.mataka.fullsangam" />
30-->src\main\AndroidManifest.xml:23:9-61
30-->src\main\AndroidManifest.xml:23:19-58
31        <activity android:name="com.md.mataka.halfsangam" />
31-->src\main\AndroidManifest.xml:24:9-61
31-->src\main\AndroidManifest.xml:24:19-58
32        <activity android:name="com.md.mataka.betting" />
32-->src\main\AndroidManifest.xml:25:9-58
32-->src\main\AndroidManifest.xml:25:19-55
33        <activity android:name="com.md.mataka.splash" >
33-->src\main\AndroidManifest.xml:26:9-32:20
33-->src\main\AndroidManifest.xml:26:19-54
34            <intent-filter>
34-->src\main\AndroidManifest.xml:27:13-31:29
35                <action android:name="android.intent.action.MAIN" />
35-->src\main\AndroidManifest.xml:28:17-69
35-->src\main\AndroidManifest.xml:28:25-66
36
37                <category android:name="android.intent.category.LAUNCHER" />
37-->src\main\AndroidManifest.xml:30:17-77
37-->src\main\AndroidManifest.xml:30:27-74
38            </intent-filter>
39        </activity>
40        <activity android:name="com.md.mataka.ledger" />
40-->src\main\AndroidManifest.xml:33:9-57
40-->src\main\AndroidManifest.xml:33:19-54
41        <activity android:name="com.md.mataka.transactions" />
41-->src\main\AndroidManifest.xml:34:9-63
41-->src\main\AndroidManifest.xml:34:19-60
42        <activity android:name="com.md.mataka.played" />
42-->src\main\AndroidManifest.xml:35:9-57
42-->src\main\AndroidManifest.xml:35:19-54
43        <activity android:name="com.md.mataka.howot" />
43-->src\main\AndroidManifest.xml:36:9-56
43-->src\main\AndroidManifest.xml:36:19-53
44        <activity android:name="com.md.mataka.thankyou" />
44-->src\main\AndroidManifest.xml:37:9-59
44-->src\main\AndroidManifest.xml:37:19-56
45        <activity android:name="com.md.mataka.bazar" />
45-->src\main\AndroidManifest.xml:38:9-56
45-->src\main\AndroidManifest.xml:38:19-53
46        <activity android:name="com.md.mataka.notice" />
46-->src\main\AndroidManifest.xml:39:9-57
46-->src\main\AndroidManifest.xml:39:19-54
47        <activity android:name="com.md.mataka.rate" />
47-->src\main\AndroidManifest.xml:40:9-55
47-->src\main\AndroidManifest.xml:40:19-52
48        <activity android:name="com.md.mataka.profile" />
48-->src\main\AndroidManifest.xml:41:9-58
48-->src\main\AndroidManifest.xml:41:19-55
49        <activity android:name="com.md.mataka.signup" />
49-->src\main\AndroidManifest.xml:42:9-57
49-->src\main\AndroidManifest.xml:42:19-54
50        <activity android:name="com.md.mataka.login" />
50-->src\main\AndroidManifest.xml:43:9-56
50-->src\main\AndroidManifest.xml:43:19-53
51        <activity android:name="com.md.mataka.MainActivity" />
51-->src\main\AndroidManifest.xml:44:9-63
51-->src\main\AndroidManifest.xml:44:19-60
52    </application>
53
54</manifest>